e:\c project\offlinerepair\offlinerepair\release\vc142.pdb
e:\c project\offlinerepair\offlinerepair\release\resmanager.obj
e:\c project\offlinerepair\offlinerepair\release\random.obj
e:\c project\offlinerepair\offlinerepair\release\offlinerepair.obj
e:\c project\offlinerepair\offlinerepair\release\file.obj
e:\c project\offlinerepair\release\offlinerepair.exe
e:\c project\offlinerepair\release\offlinerepair.pdb
e:\c project\offlinerepair\release\offlinerepair.ipdb
e:\c project\offlinerepair\release\offlinerepair.iobj
e:\c project\offlinerepair\offlinerepair\release\offlinerepair.res
e:\c project\offlinerepair\offlinerepair\release\offlinerepair.tlog\cl.command.1.tlog
e:\c project\offlinerepair\offlinerepair\release\offlinerepair.tlog\cl.read.1.tlog
e:\c project\offlinerepair\offlinerepair\release\offlinerepair.tlog\cl.write.1.tlog
e:\c project\offlinerepair\offlinerepair\release\offlinerepair.tlog\link.command.1.tlog
e:\c project\offlinerepair\offlinerepair\release\offlinerepair.tlog\link.read.1.tlog
e:\c project\offlinerepair\offlinerepair\release\offlinerepair.tlog\link.write.1.tlog
e:\c project\offlinerepair\offlinerepair\release\offlinerepair.tlog\offlinerepair.write.1u.tlog
e:\c project\offlinerepair\offlinerepair\release\offlinerepair.tlog\rc.command.1.tlog
e:\c project\offlinerepair\offlinerepair\release\offlinerepair.tlog\rc.read.1.tlog
e:\c project\offlinerepair\offlinerepair\release\offlinerepair.tlog\rc.write.1.tlog
